#
# There is insufficient memory for the Java Runtime Environment to continue.
# Native memory allocation (mmap) failed to map 134217728 bytes for G1 virtual space
# Possible reasons:
#   The system is out of physical RAM or swap space
#   The process is running with CompressedOops enabled, and the Java Heap may be blocking the growth of the native heap
# Possible solutions:
#   Reduce memory load on the system
#   Increase physical memory or swap space
#   Check if swap backing store is full
#   Decrease Java heap size (-Xmx/-Xms)
#   Decrease number of Java threads
#   Decrease Java thread stack sizes (-Xss)
#   Set larger code cache with -XX:ReservedCodeCacheSize=
#   JVM is running with Unscaled Compressed Oops mode in which the Java heap is
#     placed in the first 4GB address space. The Java Heap base address is the
#     maximum limit for the native heap growth. Please use -XX:HeapBaseMinAddress
#     to set the Java Heap base and to place the Java Heap above 4GB virtual address.
# This output file may be truncated or incomplete.
#
#  Out of Memory Error (os_windows.cpp:3535), pid=20744, tid=26952
#
# JRE version:  (17.0.3+7) (build )
# Java VM: OpenJDK 64-Bit Server VM (17.0.3+7, mixed mode, sharing, tiered, compressed oops, compressed class ptrs, g1 gc, windows-amd64)
# No core dump will be written. Minidumps are not enabled by default on client versions of Windows
#

---------------  S U M M A R Y ------------

Command Line: --module-path=C:\javafx-sdk-19\lib --add-modules=javafx.controls,javafx.fxml -Dfile.encoding=UTF-8 Menu.Menu

Host: Intel(R) Core(TM) i3-7020U CPU @ 2.30GHz, 4 cores, 7G,  Windows 10 , 64 bit Build 19041 (10.0.19041.2364)
Time: Thu Dec 22 22:35:55 2022  Windows 10 , 64 bit Build 19041 (10.0.19041.2364) elapsed time: 0.047345 seconds (0d 0h 0m 0s)

---------------  T H R E A D  ---------------

Current thread (0x000002ab0c7b3a40):  JavaThread "Unknown thread" [_thread_in_vm, id=26952, stack(0x000000c40bd00000,0x000000c40be00000)]

Stack: [0x000000c40bd00000,0x000000c40be00000]
Native frames: (J=compiled Java code, j=interpreted, Vv=VM code, C=native code)
V  [jvm.dll+0x675efa]
V  [jvm.dll+0x830a24]
V  [jvm.dll+0x8321ce]
V  [jvm.dll+0x832833]
V  [jvm.dll+0x2454b5]
V  [jvm.dll+0x672de9]
V  [jvm.dll+0x667732]
V  [jvm.dll+0x3043ab]
V  [jvm.dll+0x30b8f6]
V  [jvm.dll+0x35b62e]
V  [jvm.dll+0x35b85f]
V  [jvm.dll+0x2db248]
V  [jvm.dll+0x2dc1b4]
V  [jvm.dll+0x802651]
V  [jvm.dll+0x3693b1]
V  [jvm.dll+0x7e1aac]
V  [jvm.dll+0x3ebd8f]
V  [jvm.dll+0x3ed911]
C  [jli.dll+0x5277]
C  [ucrtbase.dll+0x21bb2]
C  [KERNEL32.DLL+0x17614]
C  [ntdll.dll+0x526a1]


---------------  P R O C E S S  ---------------

Threads class SMR info:
_java_thread_list=0x00007ff8607d6e98, length=0, elements={
}

Java Threads: ( => current thread )

Other Threads:
  0x000002ab0c80c860 GCTaskThread "GC Thread#0" [stack: 0x000000c40be00000,0x000000c40bf00000] [id=26996]
  0x000002ab0c81e3f0 ConcurrentGCThread "G1 Main Marker" [stack: 0x000000c40bf00000,0x000000c40c000000] [id=27328]
  0x000002ab0c81fe10 ConcurrentGCThread "G1 Conc#0" [stack: 0x000000c40c000000,0x000000c40c100000] [id=15784]

[error occurred during error reporting (printing all threads), id 0xc0000005, EXCEPTION_ACCESS_VIOLATION (0xc0000005) at pc=0x00007ff85ffabcd7]

VM state: not at safepoint (not fully initialized)

VM Mutex/Monitor currently owned by a thread:  ([mutex/lock_event])
[0x000002ab0c7afb10] Heap_lock - owner thread: 0x000002ab0c7b3a40

Heap address: 0x0000000081e00000, size: 2018 MB, Compressed Oops mode: 32-bit

CDS archive(s) mapped at: [0x0000000000000000-0x0000000000000000-0x0000000000000000), size 0, SharedBaseAddress: 0x0000000800000000, ArchiveRelocationMode: 0.
Narrow klass base: 0x0000000000000000, Narrow klass shift: 0, Narrow klass range: 0x0

GC Precious Log:
<Empty>

Heap:
 garbage-first heap   total 0K, used 0K [0x0000000081e00000, 0x0000000100000000)
  region size 1024K, 0 young (0K), 0 survivors (0K)

[error occurred during error reporting (printing heap information), id 0xc0000005, EXCEPTION_ACCESS_VIOLATION (0xc0000005) at pc=0x00007ff86038f249]

GC Heap History (0 events):
No events

Deoptimization events (0 events):
No events

Classes unloaded (0 events):
No events

Classes redefined (0 events):
No events

Internal exceptions (0 events):
No events

VM Operations (0 events):
No events

Events (1 events):
Event: 0.027 Loaded shared library C:\eclipse\plugins\org.eclipse.justj.openjdk.hotspot.jre.full.win32.x86_64_17.0.3.v20220515-1416\jre\bin\java.dll


Dynamic libraries:
0x00007ff6142c0000 - 0x00007ff6142ce000 	C:\eclipse\plugins\org.eclipse.justj.openjdk.hotspot.jre.full.win32.x86_64_17.0.3.v20220515-1416\jre\bin\javaw.exe
0x00007ff8b8070000 - 0x00007ff8b8268000 	C:\WINDOWS\SYSTEM32\ntdll.dll
0x00007ff8ab9b0000 - 0x00007ff8ab9c7000 	C:\Program Files\AVG\Antivirus\aswhook.dll
0x00007ff8b6270000 - 0x00007ff8b632f000 	C:\WINDOWS\System32\KERNEL32.DLL
0x00007ff8b5a60000 - 0x00007ff8b5d32000 	C:\WINDOWS\System32\KERNELBASE.dll
0x00007ff8b5760000 - 0x00007ff8b5860000 	C:\WINDOWS\System32\ucrtbase.dll
0x00007ff892660000 - 0x00007ff892678000 	C:\eclipse\plugins\org.eclipse.justj.openjdk.hotspot.jre.full.win32.x86_64_17.0.3.v20220515-1416\jre\bin\jli.dll
0x00007ff8b6a20000 - 0x00007ff8b6bc1000 	C:\WINDOWS\System32\USER32.dll
0x00007ff8b6050000 - 0x00007ff8b6072000 	C:\WINDOWS\System32\win32u.dll
0x00007ff8b7300000 - 0x00007ff8b732b000 	C:\WINDOWS\System32\GDI32.dll
0x00007ff8b5950000 - 0x00007ff8b5a5f000 	C:\WINDOWS\System32\gdi32full.dll
0x00007ff8b58b0000 - 0x00007ff8b594d000 	C:\WINDOWS\System32\msvcp_win.dll
0x00007ff891240000 - 0x00007ff891259000 	C:\eclipse\plugins\org.eclipse.justj.openjdk.hotspot.jre.full.win32.x86_64_17.0.3.v20220515-1416\jre\bin\VCRUNTIME140.dll
0x00007ff8a2330000 - 0x00007ff8a25ca000 	C:\WINDOWS\WinSxS\amd64_microsoft.windows.common-controls_6595b64144ccf1df_6.0.19041.1110_none_60b5254171f9507e\COMCTL32.dll
0x00007ff8b76f0000 - 0x00007ff8b778e000 	C:\WINDOWS\System32\msvcrt.dll
0x00007ff8b7330000 - 0x00007ff8b7362000 	C:\WINDOWS\System32\IMM32.DLL
0x00007ff8ae220000 - 0x00007ff8ae22c000 	C:\eclipse\plugins\org.eclipse.justj.openjdk.hotspot.jre.full.win32.x86_64_17.0.3.v20220515-1416\jre\bin\vcruntime140_1.dll
0x00007ff87a4f0000 - 0x00007ff87a581000 	C:\eclipse\plugins\org.eclipse.justj.openjdk.hotspot.jre.full.win32.x86_64_17.0.3.v20220515-1416\jre\bin\msvcp140.dll
0x00007ff85fcc0000 - 0x00007ff860908000 	C:\eclipse\plugins\org.eclipse.justj.openjdk.hotspot.jre.full.win32.x86_64_17.0.3.v20220515-1416\jre\bin\server\jvm.dll
0x00007ff8b7370000 - 0x00007ff8b741e000 	C:\WINDOWS\System32\ADVAPI32.dll
0x00007ff8b65b0000 - 0x00007ff8b664c000 	C:\WINDOWS\System32\sechost.dll
0x00007ff8b6480000 - 0x00007ff8b65a5000 	C:\WINDOWS\System32\RPCRT4.dll
0x00007ff8b6a10000 - 0x00007ff8b6a18000 	C:\WINDOWS\System32\PSAPI.DLL
0x00007ff89e620000 - 0x00007ff89e629000 	C:\WINDOWS\SYSTEM32\WSOCK32.dll
0x00007ff8b7790000 - 0x00007ff8b77fb000 	C:\WINDOWS\System32\WS2_32.dll
0x00007ff8a2e20000 - 0x00007ff8a2e47000 	C:\WINDOWS\SYSTEM32\WINMM.dll
0x00007ff8a5120000 - 0x00007ff8a512a000 	C:\WINDOWS\SYSTEM32\VERSION.dll
0x00007ff8b3fb0000 - 0x00007ff8b3fc2000 	C:\WINDOWS\SYSTEM32\kernel.appcore.dll
0x00007ff8ae210000 - 0x00007ff8ae21a000 	C:\eclipse\plugins\org.eclipse.justj.openjdk.hotspot.jre.full.win32.x86_64_17.0.3.v20220515-1416\jre\bin\jimage.dll
0x00007ff8b0c60000 - 0x00007ff8b0e44000 	C:\WINDOWS\SYSTEM32\DBGHELP.DLL
0x00007ff8a45b0000 - 0x00007ff8a45e5000 	C:\WINDOWS\SYSTEM32\dbgcore.DLL
0x00007ff8b5d40000 - 0x00007ff8b5dc2000 	C:\WINDOWS\System32\bcryptPrimitives.dll
0x00007ff89a7c0000 - 0x00007ff89a7e5000 	C:\eclipse\plugins\org.eclipse.justj.openjdk.hotspot.jre.full.win32.x86_64_17.0.3.v20220515-1416\jre\bin\java.dll

dbghelp: loaded successfully - version: 4.0.5 - missing functions: none
symbol engine: initialized successfully - sym options: 0x614 - pdb path: .;C:\eclipse\plugins\org.eclipse.justj.openjdk.hotspot.jre.full.win32.x86_64_17.0.3.v20220515-1416\jre\bin;C:\WINDOWS\SYSTEM32;C:\Program Files\AVG\Antivirus;C:\WINDOWS\WinSxS\amd64_microsoft.windows.common-controls_6595b64144ccf1df_6.0.19041.1110_none_60b5254171f9507e;C:\eclipse\plugins\org.eclipse.justj.openjdk.hotspot.jre.full.win32.x86_64_17.0.3.v20220515-1416\jre\bin\server

VM Arguments:
jvm_args: --module-path=C:\javafx-sdk-19\lib --add-modules=javafx.controls,javafx.fxml -Dfile.encoding=UTF-8 
java_command: Menu.Menu
java_class_path (initial): C:\temp\src;C:\javafx-sdk-19\lib\javafx.base.jar;C:\javafx-sdk-19\lib\javafx.controls.jar;C:\javafx-sdk-19\lib\javafx.fxml.jar;C:\javafx-sdk-19\lib\javafx.graphics.jar;C:\javafx-sdk-19\lib\javafx.media.jar;C:\javafx-sdk-19\lib\javafx.swing.jar;C:\javafx-sdk-19\lib\javafx.web.jar;C:\javafx-sdk-19\lib\javafx-swt.jar
Launcher Type: SUN_STANDARD

[Global flags]
     intx CICompilerCount                          = 3                                         {product} {ergonomic}
     uint ConcGCThreads                            = 1                                         {product} {ergonomic}
     uint G1ConcRefinementThreads                  = 4                                         {product} {ergonomic}
   size_t G1HeapRegionSize                         = 1048576                                   {product} {ergonomic}
    uintx GCDrainStackTargetSize                   = 64                                        {product} {ergonomic}
   size_t InitialHeapSize                          = 134217728                                 {product} {ergonomic}
   size_t MarkStackSize                            = 4194304                                   {product} {ergonomic}
   size_t MaxHeapSize                              = 2116026368                                {product} {ergonomic}
   size_t MinHeapDeltaBytes                        = 1048576                                   {product} {ergonomic}
   size_t MinHeapSize                              = 8388608                                   {product} {ergonomic}
    uintx NonNMethodCodeHeapSize                   = 5832780                                {pd product} {ergonomic}
    uintx NonProfiledCodeHeapSize                  = 122912730                              {pd product} {ergonomic}
    uintx ProfiledCodeHeapSize                     = 122912730                              {pd product} {ergonomic}
    uintx ReservedCodeCacheSize                    = 251658240                              {pd product} {ergonomic}
     bool SegmentedCodeCache                       = true                                      {product} {ergonomic}
   size_t SoftMaxHeapSize                          = 2116026368                             {manageable} {ergonomic}
     bool UseCompressedClassPointers               = true                           {product lp64_product} {ergonomic}
     bool UseCompressedOops                        = true                           {product lp64_product} {ergonomic}
     bool UseG1GC                                  = true                                      {product} {ergonomic}
     bool UseLargePagesIndividualAllocation        = false                                  {pd product} {ergonomic}

Logging:
Log output configuration:
 #0: stdout all=warning uptime,level,tags
 #1: stderr all=off uptime,level,tags

Environment Variables:
PATH=C:/eclipse//plugins/org.eclipse.justj.openjdk.hotspot.jre.full.win32.x86_64_17.0.3.v20220515-1416/jre/bin/server;C:/eclipse//plugins/org.eclipse.justj.openjdk.hotspot.jre.full.win32.x86_64_17.0.3.v20220515-1416/jre/bin;C:\Users\юзер\AppData\Local\Programs\Python\Python310\Scripts\;C:\;sers\юзер\AppData\Local\Programs\Python\Python310\;C:\;sers\юзер\AppData\Roaming\Microsoft\Windows\Start Menu\Programs\Python 3.10;C:\;sers\юзер\Desktop\Dev-Cpp\MinGW64\bin;C:\;sers\юзер\Documents\Microsoft VS Code\bin;C:\;rogram Files\Java\jdk-18.0.2.1\bin;C:\Program Files\Git\cmd;C:\Users\юзер\AppData\Local\Programs\Python\Python310\Scripts\;C:\Users\юзер\AppData\Local\Programs\Python\Python310\;C:\Users\юзер\AppData\Roaming\Microsoft\Windows\Start Menu\Programs\Python 3.10;C:\Users\юзер\Desktop\Dev-Cpp\MinGW64\bin;C:\Users\юзер\Documents\Microsoft VS Code\bin;C:\Program Files\Java\jdk-18.0.2.1\bin;;C:\eclipse;
USERNAME=юзер
OS=Windows_NT
PROCESSOR_IDENTIFIER=Intel64 Family 6 Model 142 Stepping 9, GenuineIntel



---------------  S Y S T E M  ---------------

OS:
 Windows 10 , 64 bit Build 19041 (10.0.19041.2364)
OS uptime: 0 days 20:31 hours

CPU: total 4 (initial active 4) (2 cores per cpu, 2 threads per core) family 6 model 142 stepping 9 microcode 0xb4, cx8, cmov, fxsr, ht, mmx, 3dnowpref, sse, sse2, sse3, ssse3, sse4.1, sse4.2, popcnt, lzcnt, tsc, tscinvbit, avx, avx2, aes, erms, clmul, bmi1, bmi2, adx, fma, vzeroupper, clflush, clflushopt

Memory: 4k page, system-wide physical 8065M (1070M free)
TotalPageFile size 32641M (AvailPageFile size 51M)
current process WorkingSet (physical memory assigned to process): 10M, peak: 10M
current process commit charge ("private bytes"): 51M, peak: 179M

vm_info: OpenJDK 64-Bit Server VM (17.0.3+7) for windows-amd64 JRE (17.0.3+7), built on Apr 19 2022 16:55:35 by "" with MS VC++ 16.7 (VS2019)

END.
