#
# There is insufficient memory for the Java Runtime Environment to continue.
# Native memory allocation (mmap) failed to map 134217728 bytes for G1 virtual space
# Possible reasons:
#   The system is out of physical RAM or swap space
#   The process is running with CompressedOops enabled, and the Java Heap may be blocking the growth of the native heap
# Possible solutions:
#   Reduce memory load on the system
#   Increase physical memory or swap space
#   Check if swap backing store is full
#   Decrease Java heap size (-Xmx/-Xms)
#   Decrease number of Java threads
#   Decrease Java thread stack sizes (-Xss)
#   Set larger code cache with -XX:ReservedCodeCacheSize=
#   JVM is running with Unscaled Compressed Oops mode in which the Java heap is
#     placed in the first 4GB address space. The Java Heap base address is the
#     maximum limit for the native heap growth. Please use -XX:HeapBaseMinAddress
#     to set the Java Heap base and to place the Java Heap above 4GB virtual address.
# This output file may be truncated or incomplete.
#
#  Out of Memory Error (os_windows.cpp:3535), pid=25996, tid=25912
#
# JRE version:  (17.0.3+7) (build )
# Java VM: OpenJDK 64-Bit Server VM (17.0.3+7, mixed mode, sharing, tiered, compressed oops, compressed class ptrs, g1 gc, windows-amd64)
# No core dump will be written. Minidumps are not enabled by default on client versions of Windows
#

---------------  S U M M A R Y ------------

Command Line: -Dfile.encoding=UTF-8 -XX:+ShowCodeDetailsInExceptionMessages Menu.Menu

Host: Intel(R) Core(TM) i3-7020U CPU @ 2.30GHz, 4 cores, 7G,  Windows 10 , 64 bit Build 19041 (10.0.19041.2364)
Time: Thu Dec 22 00:35:21 2022  Windows 10 , 64 bit Build 19041 (10.0.19041.2364) elapsed time: 0.029225 seconds (0d 0h 0m 0s)

---------------  T H R E A D  ---------------

Current thread (0x000001ecd0ed4670):  JavaThread "Unknown thread" [_thread_in_vm, id=25912, stack(0x000000e268c00000,0x000000e268d00000)]

Stack: [0x000000e268c00000,0x000000e268d00000]
Native frames: (J=compiled Java code, j=interpreted, Vv=VM code, C=native code)
V  [jvm.dll+0x675efa]
V  [jvm.dll+0x830a24]
V  [jvm.dll+0x8321ce]
V  [jvm.dll+0x832833]
V  [jvm.dll+0x2454b5]
V  [jvm.dll+0x672de9]
V  [jvm.dll+0x667732]
V  [jvm.dll+0x3043ab]
V  [jvm.dll+0x30b8f6]
V  [jvm.dll+0x35b62e]
V  [jvm.dll+0x35b85f]
V  [jvm.dll+0x2db248]
V  [jvm.dll+0x2dc1b4]
V  [jvm.dll+0x802651]
V  [jvm.dll+0x3693b1]
V  [jvm.dll+0x7e1aac]
V  [jvm.dll+0x3ebd8f]
V  [jvm.dll+0x3ed911]
C  [jli.dll+0x5277]
C  [ucrtbase.dll+0x21bb2]
C  [KERNEL32.DLL+0x17614]
C  [ntdll.dll+0x526a1]


---------------  P R O C E S S  ---------------

Threads class SMR info:
_java_thread_list=0x00007ffee6886e98, length=0, elements={
}

Java Threads: ( => current thread )

Other Threads:
  0x000001ecd0f2d490 GCTaskThread "GC Thread#0" [stack: 0x000000e268d00000,0x000000e268e00000] [id=10380]
  0x000001ecd0f3f0f0 ConcurrentGCThread "G1 Main Marker" [stack: 0x000000e268e00000,0x000000e268f00000] [id=25272]
  0x000001ecd0f41a50 ConcurrentGCThread "G1 Conc#0" [stack: 0x000000e268f00000,0x000000e269000000] [id=25528]

[error occurred during error reporting (printing all threads), id 0xc0000005, EXCEPTION_ACCESS_VIOLATION (0xc0000005) at pc=0x00007ffee605bcd7]

VM state: not at safepoint (not fully initialized)

VM Mutex/Monitor currently owned by a thread:  ([mutex/lock_event])
[0x000001ecd0eceb10] Heap_lock - owner thread: 0x000001ecd0ed4670

Heap address: 0x0000000081e00000, size: 2018 MB, Compressed Oops mode: 32-bit

CDS archive(s) mapped at: [0x0000000000000000-0x0000000000000000-0x0000000000000000), size 0, SharedBaseAddress: 0x0000000800000000, ArchiveRelocationMode: 0.
Narrow klass base: 0x0000000000000000, Narrow klass shift: 0, Narrow klass range: 0x0

GC Precious Log:
<Empty>

Heap:
 garbage-first heap   total 0K, used 0K [0x0000000081e00000, 0x0000000100000000)
  region size 1024K, 0 young (0K), 0 survivors (0K)

[error occurred during error reporting (printing heap information), id 0xc0000005, EXCEPTION_ACCESS_VIOLATION (0xc0000005) at pc=0x00007ffee643f249]

GC Heap History (0 events):
No events

Deoptimization events (0 events):
No events

Classes unloaded (0 events):
No events

Classes redefined (0 events):
No events

Internal exceptions (0 events):
No events

VM Operations (0 events):
No events

Events (1 events):
Event: 0.016 Loaded shared library C:\eclipse\plugins\org.eclipse.justj.openjdk.hotspot.jre.full.win32.x86_64_17.0.3.v20220515-1416\jre\bin\java.dll


Dynamic libraries:
0x00007ff695bf0000 - 0x00007ff695bfe000 	C:\eclipse\plugins\org.eclipse.justj.openjdk.hotspot.jre.full.win32.x86_64_17.0.3.v20220515-1416\jre\bin\javaw.exe
0x00007fff85a50000 - 0x00007fff85c48000 	C:\WINDOWS\SYSTEM32\ntdll.dll
0x00007fff78c70000 - 0x00007fff78c87000 	C:\Program Files\AVG\Antivirus\aswhook.dll
0x00007fff83af0000 - 0x00007fff83baf000 	C:\WINDOWS\System32\KERNEL32.DLL
0x00007fff836a0000 - 0x00007fff83972000 	C:\WINDOWS\System32\KERNELBASE.dll
0x00007fff834f0000 - 0x00007fff835f0000 	C:\WINDOWS\System32\ucrtbase.dll
0x00007fff661d0000 - 0x00007fff661e8000 	C:\eclipse\plugins\org.eclipse.justj.openjdk.hotspot.jre.full.win32.x86_64_17.0.3.v20220515-1416\jre\bin\jli.dll
0x00007fff83c10000 - 0x00007fff83db1000 	C:\WINDOWS\System32\USER32.dll
0x00007fff83620000 - 0x00007fff83642000 	C:\WINDOWS\System32\win32u.dll
0x00007fff85690000 - 0x00007fff856bb000 	C:\WINDOWS\System32\GDI32.dll
0x00007fff83980000 - 0x00007fff83a8f000 	C:\WINDOWS\System32\gdi32full.dll
0x00007fff832f0000 - 0x00007fff8338d000 	C:\WINDOWS\System32\msvcp_win.dll
0x00007fff663d0000 - 0x00007fff663e9000 	C:\eclipse\plugins\org.eclipse.justj.openjdk.hotspot.jre.full.win32.x86_64_17.0.3.v20220515-1416\jre\bin\VCRUNTIME140.dll
0x00007fff6fa60000 - 0x00007fff6fcfa000 	C:\WINDOWS\WinSxS\amd64_microsoft.windows.common-controls_6595b64144ccf1df_6.0.19041.1110_none_60b5254171f9507e\COMCTL32.dll
0x00007fff85770000 - 0x00007fff8580e000 	C:\WINDOWS\System32\msvcrt.dll
0x00007fff85650000 - 0x00007fff85682000 	C:\WINDOWS\System32\IMM32.DLL
0x00007fff79160000 - 0x00007fff7916c000 	C:\eclipse\plugins\org.eclipse.justj.openjdk.hotspot.jre.full.win32.x86_64_17.0.3.v20220515-1416\jre\bin\vcruntime140_1.dll
0x00007fff621d0000 - 0x00007fff62261000 	C:\eclipse\plugins\org.eclipse.justj.openjdk.hotspot.jre.full.win32.x86_64_17.0.3.v20220515-1416\jre\bin\msvcp140.dll
0x00007ffee5d70000 - 0x00007ffee69b8000 	C:\eclipse\plugins\org.eclipse.justj.openjdk.hotspot.jre.full.win32.x86_64_17.0.3.v20220515-1416\jre\bin\server\jvm.dll
0x00007fff842b0000 - 0x00007fff8435e000 	C:\WINDOWS\System32\ADVAPI32.dll
0x00007fff84c30000 - 0x00007fff84ccc000 	C:\WINDOWS\System32\sechost.dll
0x00007fff844e0000 - 0x00007fff84605000 	C:\WINDOWS\System32\RPCRT4.dll
0x00007fff84bc0000 - 0x00007fff84bc8000 	C:\WINDOWS\System32\PSAPI.DLL
0x00007fff79430000 - 0x00007fff7943a000 	C:\WINDOWS\SYSTEM32\VERSION.dll
0x00007fff72020000 - 0x00007fff72047000 	C:\WINDOWS\SYSTEM32\WINMM.dll
0x00007fff6df40000 - 0x00007fff6df49000 	C:\WINDOWS\SYSTEM32\WSOCK32.dll
0x00007fff84aa0000 - 0x00007fff84b0b000 	C:\WINDOWS\System32\WS2_32.dll
0x00007fff81990000 - 0x00007fff819a2000 	C:\WINDOWS\SYSTEM32\kernel.appcore.dll
0x00007fff71ec0000 - 0x00007fff71eca000 	C:\eclipse\plugins\org.eclipse.justj.openjdk.hotspot.jre.full.win32.x86_64_17.0.3.v20220515-1416\jre\bin\jimage.dll
0x00007fff7e650000 - 0x00007fff7e834000 	C:\WINDOWS\SYSTEM32\DBGHELP.DLL
0x00007fff72760000 - 0x00007fff72795000 	C:\WINDOWS\SYSTEM32\dbgcore.DLL
0x00007fff831f0000 - 0x00007fff83272000 	C:\WINDOWS\System32\bcryptPrimitives.dll
0x00007fff4bb30000 - 0x00007fff4bb55000 	C:\eclipse\plugins\org.eclipse.justj.openjdk.hotspot.jre.full.win32.x86_64_17.0.3.v20220515-1416\jre\bin\java.dll

dbghelp: loaded successfully - version: 4.0.5 - missing functions: none
symbol engine: initialized successfully - sym options: 0x614 - pdb path: .;C:\eclipse\plugins\org.eclipse.justj.openjdk.hotspot.jre.full.win32.x86_64_17.0.3.v20220515-1416\jre\bin;C:\WINDOWS\SYSTEM32;C:\Program Files\AVG\Antivirus;C:\WINDOWS\WinSxS\amd64_microsoft.windows.common-controls_6595b64144ccf1df_6.0.19041.1110_none_60b5254171f9507e;C:\eclipse\plugins\org.eclipse.justj.openjdk.hotspot.jre.full.win32.x86_64_17.0.3.v20220515-1416\jre\bin\server

VM Arguments:
jvm_args: -Dfile.encoding=UTF-8 -XX:+ShowCodeDetailsInExceptionMessages 
java_command: Menu.Menu
java_class_path (initial): C:\temp\src;C:\Users\юзер\Desktop\openjfx-19_windows-x64_bin-sdk\javafx-sdk-19\lib\javafx.base.jar;C:\Users\юзер\Desktop\openjfx-19_windows-x64_bin-sdk\javafx-sdk-19\lib\javafx.controls.jar;C:\Users\юзер\Desktop\openjfx-19_windows-x64_bin-sdk\javafx-sdk-19\lib\javafx.fxml.jar;C:\Users\юзер\Desktop\openjfx-19_windows-x64_bin-sdk\javafx-sdk-19\lib\javafx.graphics.jar;C:\Users\юзер\Desktop\openjfx-19_windows-x64_bin-sdk\javafx-sdk-19\lib\javafx.media.jar;C:\Users\юзер\Desktop\openjfx-19_windows-x64_bin-sdk\javafx-sdk-19\lib\javafx.swing.jar;C:\Users\юзер\Desktop\openjfx-19_windows-x64_bin-sdk\javafx-sdk-19\lib\javafx.web.jar;C:\Users\юзер\Desktop\openjfx-19_windows-x64_bin-sdk\javafx-sdk-19\lib\javafx-swt.jar
Launcher Type: SUN_STANDARD

[Global flags]
     intx CICompilerCount                          = 3                                         {product} {ergonomic}
     uint ConcGCThreads                            = 1                                         {product} {ergonomic}
     uint G1ConcRefinementThreads                  = 4                                         {product} {ergonomic}
   size_t G1HeapRegionSize                         = 1048576                                   {product} {ergonomic}
    uintx GCDrainStackTargetSize                   = 64                                        {product} {ergonomic}
   size_t InitialHeapSize                          = 134217728                                 {product} {ergonomic}
   size_t MarkStackSize                            = 4194304                                   {product} {ergonomic}
   size_t MaxHeapSize                              = 2116026368                                {product} {ergonomic}
   size_t MinHeapDeltaBytes                        = 1048576                                   {product} {ergonomic}
   size_t MinHeapSize                              = 8388608                                   {product} {ergonomic}
    uintx NonNMethodCodeHeapSize                   = 5832780                                {pd product} {ergonomic}
    uintx NonProfiledCodeHeapSize                  = 122912730                              {pd product} {ergonomic}
    uintx ProfiledCodeHeapSize                     = 122912730                              {pd product} {ergonomic}
    uintx ReservedCodeCacheSize                    = 251658240                              {pd product} {ergonomic}
     bool SegmentedCodeCache                       = true                                      {product} {ergonomic}
     bool ShowCodeDetailsInExceptionMessages       = true                                   {manageable} {command line}
   size_t SoftMaxHeapSize                          = 2116026368                             {manageable} {ergonomic}
     bool UseCompressedClassPointers               = true                           {product lp64_product} {ergonomic}
     bool UseCompressedOops                        = true                           {product lp64_product} {ergonomic}
     bool UseG1GC                                  = true                                      {product} {ergonomic}
     bool UseLargePagesIndividualAllocation        = false                                  {pd product} {ergonomic}

Logging:
Log output configuration:
 #0: stdout all=warning uptime,level,tags
 #1: stderr all=off uptime,level,tags

Environment Variables:
PATH=C:/eclipse//plugins/org.eclipse.justj.openjdk.hotspot.jre.full.win32.x86_64_17.0.3.v20220515-1416/jre/bin/server;C:/eclipse//plugins/org.eclipse.justj.openjdk.hotspot.jre.full.win32.x86_64_17.0.3.v20220515-1416/jre/bin;C:\Users\юзер\AppData\Local\Programs\Python\Python310\Scripts\;C:\;sers\юзер\AppData\Local\Programs\Python\Python310\;C:\;sers\юзер\AppData\Roaming\Microsoft\Windows\Start Menu\Programs\Python 3.10;C:\;sers\юзер\Desktop\Dev-Cpp\MinGW64\bin;C:\;sers\юзер\Documents\Microsoft VS Code\bin;C:\;rogram Files\Java\jdk-18.0.2.1\bin;C:\Program Files\Git\cmd;C:\Users\юзер\AppData\Local\Programs\Python\Python310\Scripts\;C:\Users\юзер\AppData\Local\Programs\Python\Python310\;C:\Users\юзер\AppData\Roaming\Microsoft\Windows\Start Menu\Programs\Python 3.10;C:\Users\юзер\Desktop\Dev-Cpp\MinGW64\bin;C:\Users\юзер\Documents\Microsoft VS Code\bin;C:\Program Files\Java\jdk-18.0.2.1\bin;;C:\eclipse;
USERNAME=юзер
OS=Windows_NT
PROCESSOR_IDENTIFIER=Intel64 Family 6 Model 142 Stepping 9, GenuineIntel



---------------  S Y S T E M  ---------------

OS:
 Windows 10 , 64 bit Build 19041 (10.0.19041.2364)
OS uptime: 0 days 12:33 hours

CPU: total 4 (initial active 4) (2 cores per cpu, 2 threads per core) family 6 model 142 stepping 9 microcode 0xb4, cx8, cmov, fxsr, ht, mmx, 3dnowpref, sse, sse2, sse3, ssse3, sse4.1, sse4.2, popcnt, lzcnt, tsc, tscinvbit, avx, avx2, aes, erms, clmul, bmi1, bmi2, adx, fma, vzeroupper, clflush, clflushopt

Memory: 4k page, system-wide physical 8065M (1030M free)
TotalPageFile size 32614M (AvailPageFile size 46M)
current process WorkingSet (physical memory assigned to process): 10M, peak: 10M
current process commit charge ("private bytes"): 51M, peak: 179M

vm_info: OpenJDK 64-Bit Server VM (17.0.3+7) for windows-amd64 JRE (17.0.3+7), built on Apr 19 2022 16:55:35 by "" with MS VC++ 16.7 (VS2019)

END.
